Starting…
Running 'KLayout.ReadLayout' at 'runs/RUN_2025-11-27_10-26-31/01-klayout-readlayout'…
Logging subprocess to [repr.filename]'runs/RUN_2025-11-27_10-26-31/01-klayout-readlayout/klayout-readlayout.log'[/repr.filename]…
Running 'KLayout.CheckTopLevel' at 'runs/RUN_2025-11-27_10-26-31/02-klayout-checktoplevel'…
Logging subprocess to [repr.filename]'runs/RUN_2025-11-27_10-26-31/02-klayout-checktoplevel/klayout-checktoplevel.log'[/repr.filename]…
Running 'KLayout.GenerateID' at 'runs/RUN_2025-11-27_10-26-31/03-klayout-generateid'…
Logging subprocess to [repr.filename]'runs/RUN_2025-11-27_10-26-31/03-klayout-generateid/klayout-generateid.log'[/repr.filename]…
Running 'KLayout.Density' at 'runs/RUN_2025-11-27_10-26-31/04-klayout-density'…
Running KLayout density check with 12 threads…
Logging subprocess to [repr.filename]'runs/RUN_2025-11-27_10-26-31/04-klayout-density/klayout-density.log'[/repr.filename]…
Logging subprocess to [repr.filename]'runs/RUN_2025-11-27_10-26-31/04-klayout-density/xml_drc_report_to_json.log'[/repr.filename]…
Running 'Checker.KLayoutDensity' at 'runs/RUN_2025-11-27_10-26-31/05-checker-klayoutdensity'…
Check for KLayout density errors clear.
Running 'KLayout.ZeroAreaPolygons' at 'runs/RUN_2025-11-27_10-26-31/06-klayout-zeroareapolygons'…
Running KLayout zero area polygons check…
Logging subprocess to [repr.filename]'runs/RUN_2025-11-27_10-26-31/06-klayout-zeroareapolygons/klayout-zeroareapolygons.log'[/repr.filename]…
Logging subprocess to [repr.filename]'runs/RUN_2025-11-27_10-26-31/06-klayout-zeroareapolygons/xml_drc_report_to_json.log'[/repr.filename]…
Running 'Checker.KLayoutZeroAreaPolygons' at 'runs/RUN_2025-11-27_10-26-31/07-checker-klayoutzeroareapolygons'…
Check for KLayout zero area polygons count clear.
Running 'Magic.DRC' at 'runs/RUN_2025-11-27_10-26-31/08-magic-drc'…
Logging subprocess to [repr.filename]'runs/RUN_2025-11-27_10-26-31/08-magic-drc/magic-drc.log'[/repr.filename]…
Running 'Checker.MagicDRC' at 'runs/RUN_2025-11-27_10-26-31/09-checker-magicdrc'…
Check for Magic DRC errors clear.
Running 'KLayout.DRC' at 'runs/RUN_2025-11-27_10-26-31/10-klayout-drc'…
Running KLayout DRC with 12 threads…
Logging subprocess to [repr.filename]'runs/RUN_2025-11-27_10-26-31/10-klayout-drc/klayout-drc.log'[/repr.filename]…
Logging subprocess to [repr.filename]'runs/RUN_2025-11-27_10-26-31/10-klayout-drc/xml_drc_report_to_json.log'[/repr.filename]…
Running 'Checker.KLayoutDRC' at 'runs/RUN_2025-11-27_10-26-31/11-checker-klayoutdrc'…
Check for KLayout DRC errors clear.
Saving views to '/home/ishikai/tools/gf180mcu-precheck/runs/RUN_2025-11-27_10-26-31/final'…
Flow complete.
