Starting…
Running 'KLayout.ReadLayout' at 'runs/RUN_2025-12-07_06-59-29/01-klayout-readlayout'…
Logging subprocess to [repr.filename]'runs/RUN_2025-12-07_06-59-29/01-klayout-readlayout/klayout-readlayout.log'[/repr.filename]…
Running 'KLayout.CheckTopLevel' at 'runs/RUN_2025-12-07_06-59-29/02-klayout-checktoplevel'…
Logging subprocess to [repr.filename]'runs/RUN_2025-12-07_06-59-29/02-klayout-checktoplevel/klayout-checktoplevel.log'[/repr.filename]…
Running 'KLayout.CheckSize' at 'runs/RUN_2025-12-07_06-59-29/03-klayout-checksize'…
Logging subprocess to [repr.filename]'runs/RUN_2025-12-07_06-59-29/03-klayout-checksize/klayout-checksize.log'[/repr.filename]…
Running 'KLayout.GenerateID' at 'runs/RUN_2025-12-07_06-59-29/04-klayout-generateid'…
Logging subprocess to [repr.filename]'runs/RUN_2025-12-07_06-59-29/04-klayout-generateid/klayout-generateid.log'[/repr.filename]…
Running 'KLayout.Density' at 'runs/RUN_2025-12-07_06-59-29/05-klayout-density'…
Running KLayout density check with 16 threads…
Logging subprocess to [repr.filename]'runs/RUN_2025-12-07_06-59-29/05-klayout-density/klayout-density.log'[/repr.filename]…
Logging subprocess to [repr.filename]'runs/RUN_2025-12-07_06-59-29/05-klayout-density/xml_drc_report_to_json.log'[/repr.filename]…
Running 'Checker.KLayoutDensity' at 'runs/RUN_2025-12-07_06-59-29/06-checker-klayoutdensity'…
Check for KLayout density errors clear.
Running 'KLayout.ZeroAreaPolygons' at 'runs/RUN_2025-12-07_06-59-29/07-klayout-zeroareapolygons'…
Running KLayout zero area polygons check…
Logging subprocess to [repr.filename]'runs/RUN_2025-12-07_06-59-29/07-klayout-zeroareapolygons/klayout-zeroareapolygons.log'[/repr.filename]…
Logging subprocess to [repr.filename]'runs/RUN_2025-12-07_06-59-29/07-klayout-zeroareapolygons/xml_drc_report_to_json.log'[/repr.filename]…
Running 'Checker.KLayoutZeroAreaPolygons' at 'runs/RUN_2025-12-07_06-59-29/08-checker-klayoutzeroareapolygons'…
Check for KLayout zero area polygons count clear.
Running 'KLayout.Antenna' at 'runs/RUN_2025-12-07_06-59-29/09-klayout-antenna'…
Running KLayout antenna check…
Logging subprocess to [repr.filename]'runs/RUN_2025-12-07_06-59-29/09-klayout-antenna/klayout-antenna.log'[/repr.filename]…
Logging subprocess to [repr.filename]'runs/RUN_2025-12-07_06-59-29/09-klayout-antenna/xml_drc_report_to_json.log'[/repr.filename]…
Running 'Checker.KLayoutAntenna' at 'runs/RUN_2025-12-07_06-59-29/10-checker-klayoutantenna'…
Check for KLayout antenna errors clear.
Running 'Magic.DRC' at 'runs/RUN_2025-12-07_06-59-29/11-magic-drc'…
Logging subprocess to [repr.filename]'runs/RUN_2025-12-07_06-59-29/11-magic-drc/magic-drc.log'[/repr.filename]…
Running 'Checker.MagicDRC' at 'runs/RUN_2025-12-07_06-59-29/12-checker-magicdrc'…
Check for Magic DRC errors clear.
Running 'KLayout.DRC' at 'runs/RUN_2025-12-07_06-59-29/13-klayout-drc'…
Running KLayout DRC with 16 threads…
Logging subprocess to [repr.filename]'runs/RUN_2025-12-07_06-59-29/13-klayout-drc/klayout-drc.log'[/repr.filename]…
Logging subprocess to [repr.filename]'runs/RUN_2025-12-07_06-59-29/13-klayout-drc/xml_drc_report_to_json.log'[/repr.filename]…
Running 'Checker.KLayoutDRC' at 'runs/RUN_2025-12-07_06-59-29/14-checker-klayoutdrc'…
Check for KLayout DRC errors clear.
Running 'KLayout.WriteLayout' at 'runs/RUN_2025-12-07_06-59-29/15-klayout-writelayout'…
Saving views to '/home/noritsuna/tools/gf180mcu-precheck/runs/RUN_2025-12-07_06-59-29/final'…
Flow complete.
