Starting…
Running 'KLayout.ReadLayout' at 'runs/RUN_2025-11-12_12-27-58/1-klayout-readlayout'…
Logging subprocess to [repr.filename]'runs/RUN_2025-11-12_12-27-58/1-klayout-readlayout/klayout-readlayout.log'[/repr.filename]…
Running 'KLayout.CheckTopLevel' at 'runs/RUN_2025-11-12_12-27-58/2-klayout-checktoplevel'…
Logging subprocess to [repr.filename]'runs/RUN_2025-11-12_12-27-58/2-klayout-checktoplevel/klayout-checktoplevel.log'[/repr.filename]…
Running 'KLayout.GenerateID' at 'runs/RUN_2025-11-12_12-27-58/3-klayout-generateid'…
Logging subprocess to [repr.filename]'runs/RUN_2025-11-12_12-27-58/3-klayout-generateid/klayout-generateid.log'[/repr.filename]…
Running 'KLayout.Density' at 'runs/RUN_2025-11-12_12-27-58/4-klayout-density'…
Running KLayout density check with 12 threads…
Logging subprocess to [repr.filename]'runs/RUN_2025-11-12_12-27-58/4-klayout-density/klayout-density.log'[/repr.filename]…
Logging subprocess to [repr.filename]'runs/RUN_2025-11-12_12-27-58/4-klayout-density/xml_drc_report_to_json.log'[/repr.filename]…
Running 'Checker.KLayoutDensity' at 'runs/RUN_2025-11-12_12-27-58/5-checker-klayoutdensity'…
Check for KLayout density errors clear.
Running 'Magic.DRC' at 'runs/RUN_2025-11-12_12-27-58/6-magic-drc'…
Logging subprocess to [repr.filename]'runs/RUN_2025-11-12_12-27-58/6-magic-drc/magic-drc.log'[/repr.filename]…
Running 'Checker.MagicDRC' at 'runs/RUN_2025-11-12_12-27-58/7-checker-magicdrc'…
Check for Magic DRC errors clear.
Running 'KLayout.DRC' at 'runs/RUN_2025-11-12_12-27-58/8-klayout-drc'…
Running KLayout DRC with 12 threads…
Logging subprocess to [repr.filename]'runs/RUN_2025-11-12_12-27-58/8-klayout-drc/klayout-drc.log'[/repr.filename]…
Logging subprocess to [repr.filename]'runs/RUN_2025-11-12_12-27-58/8-klayout-drc/xml_drc_report_to_json.log'[/repr.filename]…
Running 'Checker.KLayoutDRC' at 'runs/RUN_2025-11-12_12-27-58/9-checker-klayoutdrc'…
Check for KLayout DRC errors clear.
Saving views to '/home/ishikai/tools/gf180mcu-precheck/runs/RUN_2025-11-12_12-27-58/final'…
Flow complete.
